jul 27 11:16:09 host=smtp.zoho.com tls=on auth=on user=aj.vazquez@zoho.com from=aj.vazquez@zoho.com recipients=aj.vazquez@zoho.com mailsize=121 smtpstatus=250 smtpmsg='250 Message received' exitcode=EX_OK
jul 27 11:17:31 host=smtp.zoho.com tls=on auth=on user=aj.vazquez@zoho.com from=aj.vazquez@zoho.com recipients=beto.v25@gmail.com mailsize=121 smtpstatus=250 smtpmsg='250 Message received' exitcode=EX_OK
jul 28 12:08:08 host=smtp.zoho.com tls=on auth=on user=aj.vazquez@zoho.com from=aj.vazquez@zoho.com recipients=beto.v25@gmail.com mailsize=565 smtpstatus=250 smtpmsg='250 Message received' exitcode=EX_OK
jul 28 12:17:37 host=smtp.zoho.com tls=on auth=on user=aj.vazquez@zoho.com from=aj.vazquez@zoho.com recipients=avazquez@supmoldie.com mailsize=1136 smtpstatus=250 smtpmsg='250 Message received' exitcode=EX_OK
jul 28 12:26:40 host=smtp.zoho.com tls=on auth=on user=aj.vazquez@zoho.com from=aj.vazquez@zoho.com recipients=aj.vazquez@zoho.com mailsize=568 smtpstatus=250 smtpmsg='250 Message received' exitcode=EX_OK
ago 02 13:32:02 host=gator3197.hostgator.com tls=on auth=on user=a.vazquez@supmoldie.com from=a.vazquez@supmoldie.com recipients=aj.vazquez@zoho.com mailsize=81 smtpstatus=250 smtpmsg='250 OK id=1flHSD-003EDg-Q9' exitcode=EX_OK
ago 02 14:25:50 host=smtp.gmail.com tls=on auth=on user=beto.v25@gmail.com from=beto.v25@gmail.com recipients=aj.vazquez@zoho.com mailsize=76 smtpstatus=250 smtpmsg='250 2.0.0 OK 1533234350 j4-v6sm539799ual.54 - gsmtp' exitcode=EX_OK
ago 02 16:27:07 host=gator3197.hostgator.com tls=on auth=on user=a.vazquez@supmoldie.com from=a.vazquez@supmoldie.com recipients=beto.v25@gmail.com mailsize=1462 smtpstatus=250 smtpmsg='250 OK id=1flKBd-0009AN-KY' exitcode=EX_OK
ago 02 16:36:28 host=smtp.zoho.com tls=on auth=on user=aj.vazquez@zoho.com from=aj.vazquez@zoho.com recipients=beto.v25@gmail.com mailsize=2523 smtpstatus=250 smtpmsg='250 Message received' exitcode=EX_OK
ago 07 10:29:15 host=smtp.gmail.com tls=on auth=on user=beto.v25@gmail.com from=javr65@hotmail.com recipients=mariae.valecillos@gmail.com mailsize=18206 smtpstatus=250 smtpmsg='250 2.0.0 OK 1533652155 j7-v6sm399017vka.43 - gsmtp' exitcode=EX_OK
ago 16 16:43:56 host=smtp.gmail.com tls=on auth=on user=beto.v25@gmail.com from=beto.v25@gmail.com recipients=estherccg@gmail.com mailsize=1157 smtpstatus=250 smtpmsg='250 2.0.0 OK 1534452236 j75-v6sm104871vke.27 - gsmtp' exitcode=EX_OK
ago 22 22:20:44 host=smtp.gmail.com tls=on auth=on user=beto.v25@gmail.com from=beto.v25@gmail.com recipients=estherccg@gmail.com mailsize=36782 smtpstatus=250 smtpmsg='250 2.0.0 OK 1534990844 p12-v6sm978692vkd.11 - gsmtp' exitcode=EX_OK
ago 27 06:47:20 host=smtp.gmail.com tls=on auth=on user=beto.v25@gmail.com from=beto.v25@gmail.com recipients=info@supmoldie.com mailsize=337 smtpstatus=250 smtpmsg='250 2.0.0 OK 1535370439 w7-v6sm4586592uaa.33 - gsmtp' exitcode=EX_OK
ago 27 06:52:36 host=gator3197.hostgator.com tls=on auth=on user=a.vazquez@supmoldie.com from=a.vazquez@supmoldie.com recipients=beto.v25@gmail.com mailsize=586 smtpstatus=250 smtpmsg='250 OK id=1fuG4P-003e8s-Eb' exitcode=EX_OK
ago 27 09:03:19 host=smtp.zoho.com tls=on auth=on user=aj.vazquez@zoho.com from=aj.vazquez@zoho.com recipients=javr65@hotmail.com mailsize=7623031 smtpstatus=250 smtpmsg='250 Message received' exitcode=EX_OK
ago 28 08:25:53 host=smtp.zoho.com tls=on auth=on user=aj.vazquez@zoho.com from=aj.vazquez@zoho.com recipients=estherccg@gmail.com mailsize=7622952 smtpstatus=250 smtpmsg='250 Message received' exitcode=EX_OK
ago 28 12:20:33 host=smtp.zoho.com tls=on auth=on user=aj.vazquez@zoho.com from=aj.vazquez@zoho.com recipients=javr65@hotmail.com mailsize=219316 smtpstatus=250 smtpmsg='250 Message received' exitcode=EX_OK
ago 28 12:24:44 host=smtp.zoho.com tls=on auth=on user=aj.vazquez@zoho.com from=aj.vazquez@zoho.com recipients=javr65@hotmail.com,a.vazquez@supmoldie.com mailsize=46928 smtpstatus=250 smtpmsg='250 Message received' exitcode=EX_OK
ago 28 19:35:02 host=smtp.gmail.com tls=on auth=on user=beto.v25@gmail.com from=beto.v25@gmail.com recipients=aj.vazquez@zoho.com mailsize=353 smtpstatus=250 smtpmsg='250 2.0.0 OK 1535502902 f1-v6sm439115uao.17 - gsmtp' exitcode=EX_OK
ago 28 19:37:32 host=smtp.zoho.com tls=on auth=on user=aj.vazquez@zoho.com from=aj.vazquez@zoho.com recipients=beto.v25@gmail.com mailsize=373 smtpstatus=250 smtpmsg='250 Message received' exitcode=EX_OK
ago 28 20:34:11 host=gator3197.hostgator.com tls=on auth=on user=a.vazquez@supmoldie.com from=a.vazquez@supmoldie.com recipients=beto.v25@gmail.com mailsize=524 smtpstatus=250 smtpmsg='250 OK id=1fupN2-000fQO-R0' exitcode=EX_OK
ago 28 20:34:41 host=smtp.zoho.com tls=on auth=on user=aj.vazquez@zoho.com from=aj.vazquez@zoho.com recipients=beto.v25@gmail.com mailsize=414 smtpstatus=250 smtpmsg='250 Message received' exitcode=EX_OK
ago 28 20:46:44 host=smtp.gmail.com tls=on auth=on user=beto.v25@gmail.com from=beto.v25@gmail.com recipients=beto.v25@gmail.com mailsize=1551 smtpstatus=250 smtpmsg='250 2.0.0 OK 1535507204 w13-v6sm501246uao.45 - gsmtp' exitcode=EX_OK
ago 29 06:41:41 host=smtp.gmail.com tls=on auth=on user=beto.v25@gmail.com from=beto.v25@gmail.com recipients=estherccg@gmail.com mailsize=1814 smtpstatus=250 smtpmsg='250 2.0.0 OK 1535542901 u67-v6sm737323vkf.24 - gsmtp' exitcode=EX_OK
ago 29 15:02:44 host=gator3197.hostgator.com tls=on auth=on user=a.vazquez@supmoldie.com from=a.vazquez@supmoldie.com recipients=decheverri@industriascadi.com mailsize=38036 smtpstatus=250 smtpmsg='250 OK id=1fv6fr-004KtG-S1' exitcode=EX_OK
ago 29 15:35:36 host=smtp.gmail.com tls=on auth=on user=beto.v25@gmail.com from=beto.v25@gmail.com recipients=info@supmoldie.com mailsize=1505 smtpstatus=250 smtpmsg='250 2.0.0 OK 1535574936 r138-v6sm1078135vke.35 - gsmtp' exitcode=EX_OK
ago 29 15:41:51 host=smtp.zoho.com tls=on auth=on user=aj.vazquez@zoho.com from=aj.vazquez@zoho.com recipients=info@supmoldie.com mailsize=1506 smtpstatus=250 smtpmsg='250 Message received' exitcode=EX_OK
ago 29 15:55:55 host=gator3197.hostgator.com tls=on auth=on user=a.vazquez@supmoldie.com from=a.vazquez@supmoldie.com recipients=beto.v25@gmail.com mailsize=1660 smtpstatus=250 smtpmsg='250 OK id=1fv7VK-000IQi-OD' exitcode=EX_OK
ago 30 08:10:44 host=smtp.gmail.com tls=on auth=on user=beto.v25@gmail.com from=beto.v25@gmail.com recipients=estherccg@gmail.com mailsize=11526854 smtpstatus=250 smtpmsg='250 2.0.0 OK 1535634644 v14-v6sm1880259uav.2 - gsmtp' exitcode=EX_OK
ago 30 18:14:36 host=smtp.gmail.com tls=on auth=on user=beto.v25@gmail.com from=beto.v25@gmail.com recipients=estherccg@gmail.com mailsize=8177 smtpstatus=250 smtpmsg='250 2.0.0 OK 1535670876 j2-v6sm2199235uag.48 - gsmtp' exitcode=EX_OK
ago 30 20:21:57 host=smtp.zoho.com tls=on auth=on user=aj.vazquez@zoho.com from=aj.vazquez@zoho.com recipients=moni-madrid@hotmail.com mailsize=120856 smtpstatus=250 smtpmsg='250 Message received' exitcode=EX_OK
ago 31 15:54:43 host=gator3197.hostgator.com tls=on auth=on user=a.vazquez@supmoldie.com from=a.vazquez@supmoldie.com recipients=estherccg@gmail.com mailsize=1707 smtpstatus=250 smtpmsg='250 OK id=1fvqRH-0000Ea-Gx' exitcode=EX_OK
ago 31 16:15:56 host=gator3197.hostgator.com tls=on auth=on user=a.vazquez@supmoldie.com from=a.vazquez@supmoldie.com recipients=estherccg@gmail.com mailsize=561 smtpstatus=250 smtpmsg='250 OK id=1fvqlo-000EIv-5H' exitcode=EX_OK
ago 31 17:04:18 host=smtp.zoho.com tls=on auth=on user=aj.vazquez@zoho.com from=aj.vazquez@zoho.com recipients=estherccg@gmail.com errormsg='cannot locate host smtp.zoho.com: Temporary failure in name resolution' exitcode=EX_NOHOST
ago 31 17:04:54 host=smtp.zoho.com tls=on auth=on user=aj.vazquez@zoho.com from=aj.vazquez@zoho.com recipients=estherccg@gmail.com errormsg='cannot locate host smtp.zoho.com: Temporary failure in name resolution' exitcode=EX_NOHOST
ago 31 17:05:48 host=smtp.zoho.com tls=on auth=on user=aj.vazquez@zoho.com from=aj.vazquez@zoho.com recipients=estherccg@gmail.com mailsize=38308 smtpstatus=250 smtpmsg='250 Message received' exitcode=EX_OK
sep 01 19:44:48 host=gator3197.hostgator.com tls=on auth=on user=a.vazquez@supmoldie.com from=a.vazquez@supmoldie.com recipients=nickj@supdie.com mailsize=2635 smtpstatus=250 smtpmsg='250 OK id=1fwGVT-002KXv-Rn' exitcode=EX_OK
sep 03 08:20:54 host=smtp.gmail.com tls=on auth=on user=beto.v25@gmail.com from=beto.v25@gmail.com recipients=estherccg@gmail.com mailsize=830 smtpstatus=250 smtpmsg='250 2.0.0 OK 1535980854 e185-v6sm3365130vkd.15 - gsmtp' exitcode=EX_OK
sep 03 09:04:10 host=smtp.gmail.com tls=on auth=on user=beto.v25@gmail.com from=beto.v25@gmail.com recipients=estherccg@gmail.com mailsize=37798 smtpstatus=250 smtpmsg='250 2.0.0 OK 1535983450 j2-v6sm4090756uag.48 - gsmtp' exitcode=EX_OK
sep 03 14:51:27 host=gator3197.hostgator.com tls=on auth=on user=a.vazquez@supmoldie.com from=a.vazquez@supmoldie.com recipients=estherccg@gmail.com mailsize=47467 smtpstatus=250 smtpmsg='250 OK id=1fwusg-003Vx8-Ty' exitcode=EX_OK
sep 03 19:30:14 host=gator3197.hostgator.com tls=on auth=on user=a.vazquez@supmoldie.com from=a.vazquez@supmoldie.com recipients=estherccg@gmail.com mailsize=2523 smtpstatus=250 smtpmsg='250 OK id=1fwzEU-00166D-7L' exitcode=EX_OK
sep 03 19:32:34 host=gator3197.hostgator.com tls=on auth=on user=a.vazquez@supmoldie.com from=a.vazquez@supmoldie.com recipients=estherccg@gmail.com mailsize=2526 smtpstatus=250 smtpmsg='250 OK id=1fwzGk-00177Z-7X' exitcode=EX_OK
sep 03 20:47:26 host=gator3197.hostgator.com tls=on auth=on user=a.vazquez@supmoldie.com from=a.vazquez@supmoldie.com recipients=estherccg@gmail.com mailsize=412 smtpstatus=250 smtpmsg='250 OK id=1fx0RB-001cBk-RK' exitcode=EX_OK
sep 03 20:52:30 host=gator3197.hostgator.com tls=on auth=on user=a.vazquez@supmoldie.com from=a.vazquez@supmoldie.com recipients=beto.v25@gmail.com mailsize=377 smtpstatus=250 smtpmsg='250 OK id=1fx0W5-001drr-4U' exitcode=EX_OK
sep 03 20:59:22 host=gator3197.hostgator.com tls=on auth=on user=a.vazquez@supmoldie.com from=a.vazquez@supmoldie.com recipients=beto.v@LAPTOP_AJ smtpstatus=501 smtpmsg='501 <beto.v@LAPTOP_AJ>: malformed address: _AJ> may not follow <beto.v@LAPTOP' errormsg='recipient address beto.v@LAPTOP_AJ not accepted by the server' exitcode=EX_DATAERR
sep 03 20:59:49 host=gator3197.hostgator.com tls=on auth=on user=a.vazquez@supmoldie.com from=a.vazquez@supmoldie.com recipients=beto.v25@gmail.com mailsize=412 smtpstatus=250 smtpmsg='250 OK id=1fx0dA-001gKl-Vu' exitcode=EX_OK
sep 03 21:13:35 host=gator3197.hostgator.com tls=on auth=on user=a.vazquez@supmoldie.com from=a.vazquez@supmoldie.com recipients=beto.v25@gmail.com mailsize=412 smtpstatus=250 smtpmsg='250 OK id=1fx0qU-001muy-HX' exitcode=EX_OK
sep 03 21:32:55 host=gator3197.hostgator.com tls=on auth=on user=a.vazquez@supmoldie.com from=a.vazquez@supmoldie.com recipients=beto.v25@gmail.com mailsize=376 smtpstatus=250 smtpmsg='250 OK id=1fx19D-001uFk-EO' exitcode=EX_OK
sep 03 21:56:08 host=gator3197.hostgator.com tls=on auth=on user=a.vazquez@supmoldie.com from=a.vazquez@supmoldie.com recipients=beto.v25@gmail.com mailsize=2632 smtpstatus=250 smtpmsg='250 OK id=1fx1Vf-0023Jz-OH' exitcode=EX_OK
sep 04 07:26:48 host=gator3197.hostgator.com tls=on auth=on user=a.vazquez@supmoldie.com from=a.vazquez@supmoldie.com recipients=beto.v25@gmail.com mailsize=2893 smtpstatus=250 smtpmsg='250 OK id=1fxAPw-001rO5-4c' exitcode=EX_OK
sep 04 07:29:24 host=gator3197.hostgator.com tls=on auth=on user=a.vazquez@supmoldie.com from=a.vazquez@supmoldie.com recipients=beto.v25@gmail.com mailsize=2806 smtpstatus=250 smtpmsg='250 OK id=1fxASR-001sjm-K1' exitcode=EX_OK
sep 04 07:50:48 host=gator3197.hostgator.com tls=on auth=on user=a.vazquez@supmoldie.com from=a.vazquez@supmoldie.com recipients=beto.v25@gmail.com mailsize=2739 smtpstatus=250 smtpmsg='250 OK id=1fxAnA-0024Dg-1A' exitcode=EX_OK
sep 04 07:53:02 host=gator3197.hostgator.com tls=on auth=on user=a.vazquez@supmoldie.com from=a.vazquez@supmoldie.com recipients=beto.v25@gmail.com mailsize=2770 smtpstatus=250 smtpmsg='250 OK id=1fxApK-0025uY-6q' exitcode=EX_OK
sep 04 07:55:07 host=gator3197.hostgator.com tls=on auth=on user=a.vazquez@supmoldie.com from=a.vazquez@supmoldie.com recipients=beto.v25@gmail.com mailsize=2714 smtpstatus=250 smtpmsg='250 OK id=1fxArL-0026wZ-FX' exitcode=EX_OK
sep 04 08:03:04 host=gator3197.hostgator.com tls=on auth=on user=a.vazquez@supmoldie.com from=a.vazquez@supmoldie.com recipients=beto.v25@gmail.com mailsize=2772 smtpstatus=250 smtpmsg='250 OK id=1fxAz2-002Bix-32' exitcode=EX_OK
sep 04 08:39:44 host=gator3197.hostgator.com tls=on auth=on user=a.vazquez@supmoldie.com from=a.vazquez@supmoldie.com recipients=beto.v25@gmail.com mailsize=2848 smtpstatus=250 smtpmsg='250 OK id=1fxBYV-002Zx2-Si' exitcode=EX_OK
sep 04 09:00:56 host=gator3197.hostgator.com tls=on auth=on user=a.vazquez@supmoldie.com from=a.vazquez@supmoldie.com recipients=beto.v25@gmail.com mailsize=2844 smtpstatus=250 smtpmsg='250 OK id=1fxBt2-002nWw-As' exitcode=EX_OK
sep 04 09:10:59 host=gator3197.hostgator.com tls=on auth=on user=a.vazquez@supmoldie.com from=a.vazquez@supmoldie.com recipients=beto.v25@gmail.com mailsize=2391 smtpstatus=250 smtpmsg='250 OK id=1fxC2k-002uMa-KC' exitcode=EX_OK
sep 04 09:16:52 host=gator3197.hostgator.com tls=on auth=on user=a.vazquez@supmoldie.com from=a.vazquez@supmoldie.com recipients=estherccg@gmail.com mailsize=2896 smtpstatus=250 smtpmsg='250 OK id=1fxC8S-002y7c-9d' exitcode=EX_OK
sep 04 14:21:49 host=smtp.gmail.com tls=on auth=on user=beto.v25@gmail.com from=beto.v25@gmail.com recipients=vicky9176@hotmail.com mailsize=147657 smtpstatus=250 smtpmsg='250 2.0.0 OK 1536088909 13-v6sm5465117vkf.34 - gsmtp' exitcode=EX_OK
sep 05 07:50:52 host=gator3197.hostgator.com tls=on auth=on user=a.vazquez@supmoldie.com from=a.vazquez@supmoldie.com recipients=beto.v25@gmail.com mailsize=1197 smtpstatus=250 smtpmsg='250 OK id=1fxXGm-003voS-8Z' exitcode=EX_OK
sep 05 08:06:44 host=gator3197.hostgator.com tls=on auth=on user=a.vazquez@supmoldie.com from=a.vazquez@supmoldie.com recipients=estherccg@gmail.com mailsize=2449 smtpstatus=250 smtpmsg='250 OK id=1fxXW7-004765-Ai' exitcode=EX_OK
sep 05 09:16:32 host=gator3197.hostgator.com tls=on auth=on user=a.vazquez@supmoldie.com from=a.vazquez@supmoldie.com recipients=beto.v25@gmail.com mailsize=68 smtpstatus=250 smtpmsg='250 OK id=1fxYbf-000Ole-Na' exitcode=EX_OK
sep 05 09:21:25 host=gator3197.hostgator.com tls=on auth=on user=a.vazquez@supmoldie.com from=a.vazquez@supmoldie.com recipients=beto.v25@gmail.com mailsize=68 smtpstatus=250 smtpmsg='250 OK id=1fxYgP-000RlX-BU' exitcode=EX_OK
sep 05 09:23:28 host=gator3197.hostgator.com tls=on auth=on user=a.vazquez@supmoldie.com from=a.vazquez@supmoldie.com recipients=beto.v25@gmail.com mailsize=68 smtpstatus=250 smtpmsg='250 OK id=1fxYiN-000TAm-Qd' exitcode=EX_OK
sep 05 09:41:05 host=gator3197.hostgator.com tls=on auth=on user=a.vazquez@supmoldie.com from=a.vazquez@supmoldie.com recipients=beto.v25@gmail.com mailsize=10008 smtpstatus=250 smtpmsg='250 OK id=1fxYzR-000efS-4k' exitcode=EX_OK
sep 05 09:45:56 host=gator3197.hostgator.com tls=on auth=on user=a.vazquez@supmoldie.com from=a.vazquez@supmoldie.com recipients=beto.v25@gmail.com mailsize=68 smtpstatus=250 smtpmsg='250 OK id=1fxZ48-000i32-C7' exitcode=EX_OK
sep 05 09:47:40 host=gator3197.hostgator.com tls=on auth=on user=a.vazquez@supmoldie.com from=a.vazquez@supmoldie.com recipients=beto.v25@gmail.com mailsize=68 smtpstatus=250 smtpmsg='250 OK id=1fxZ5n-000j7i-J8' exitcode=EX_OK
sep 05 10:02:09 host=gator3197.hostgator.com tls=on auth=on user=a.vazquez@supmoldie.com from=a.vazquez@supmoldie.com recipients=beto.v25@gmail.com mailsize=68 smtpstatus=250 smtpmsg='250 OK id=1fxZJp-000tHM-Fx' exitcode=EX_OK
sep 05 10:02:42 host=smtp.zoho.com tls=on auth=on user=aj.vazquez@zoho.com from=aj.vazquez@zoho.com recipients=beto.v25@gmail.com mailsize=1545 smtpstatus=250 smtpmsg='250 Message received' exitcode=EX_OK
sep 05 10:08:01 host=gator3197.hostgator.com tls=on auth=on user=a.vazquez@supmoldie.com from=a.vazquez@supmoldie.com recipients=aj.vazquez@zoho.com mailsize=68 smtpstatus=250 smtpmsg='250 OK id=1fxZPV-000whN-DN' exitcode=EX_OK
sep 05 10:55:46 host=gator3197.hostgator.com tls=on auth=on user=a.vazquez@supmoldie.com from=a.vazquez@supmoldie.com recipients=beto.v25@gmail.com mailsize=335 smtpstatus=250 smtpmsg='250 OK id=1fxa9h-001K5f-Gc' exitcode=EX_OK
sep 05 10:57:25 host=gator3197.hostgator.com tls=on auth=on user=a.vazquez@supmoldie.com from=a.vazquez@supmoldie.com recipients=beto.v25@gmail.com mailsize=376 smtpstatus=250 smtpmsg='250 OK id=1fxaBI-001KrM-Ty' exitcode=EX_OK
sep 05 10:59:00 host=gator3197.hostgator.com tls=on auth=on user=a.vazquez@supmoldie.com from=a.vazquez@supmoldie.com recipients=beto.v25@gmail.com mailsize=68 smtpstatus=250 smtpmsg='250 OK id=1fxaCp-001Lhc-Ir' exitcode=EX_OK
sep 05 10:59:46 host=gator3197.hostgator.com tls=on auth=on user=a.vazquez@supmoldie.com from=a.vazquez@supmoldie.com recipients=beto.v25@gmail.com mailsize=68 smtpstatus=250 smtpmsg='250 OK id=1fxaDZ-001M4G-Pu' exitcode=EX_OK
sep 05 11:00:43 host=gator3197.hostgator.com tls=on auth=on user=a.vazquez@supmoldie.com from=a.vazquez@supmoldie.com recipients=beto.v25@gmail.com mailsize=376 smtpstatus=250 smtpmsg='250 OK id=1fxaEU-001MkJ-O7' exitcode=EX_OK
sep 05 11:02:45 host=gator3197.hostgator.com tls=on auth=on user=a.vazquez@supmoldie.com from=a.vazquez@supmoldie.com recipients=o@LAPTOP_AJ smtpstatus=501 smtpmsg='501 <o@LAPTOP_AJ>: malformed address: _AJ> may not follow <o@LAPTOP' errormsg='recipient address o@LAPTOP_AJ not accepted by the server' exitcode=EX_DATAERR
sep 05 11:03:04 host=gator3197.hostgator.com tls=on auth=on user=a.vazquez@supmoldie.com from=a.vazquez@supmoldie.com recipients=o@LAPTOP_AJ smtpstatus=501 smtpmsg='501 <o@LAPTOP_AJ>: malformed address: _AJ> may not follow <o@LAPTOP' errormsg='recipient address o@LAPTOP_AJ not accepted by the server' exitcode=EX_DATAERR
sep 05 11:03:37 host=gator3197.hostgator.com tls=on auth=on user=a.vazquez@supmoldie.com from=a.vazquez@supmoldie.com recipients=o@LAPTOP_AJ smtpstatus=501 smtpmsg='501 <o@LAPTOP_AJ>: malformed address: _AJ> may not follow <o@LAPTOP' errormsg='recipient address o@LAPTOP_AJ not accepted by the server' exitcode=EX_DATAERR
sep 05 11:03:47 host=gator3197.hostgator.com tls=on auth=on user=a.vazquez@supmoldie.com from=a.vazquez@supmoldie.com recipients=o@LAPTOP_AJ smtpstatus=501 smtpmsg='501 <o@LAPTOP_AJ>: malformed address: _AJ> may not follow <o@LAPTOP' errormsg='recipient address o@LAPTOP_AJ not accepted by the server' exitcode=EX_DATAERR
sep 05 11:38:07 host=gator3197.hostgator.com tls=on auth=on user=a.vazquez@supmoldie.com from=a.vazquez@supmoldie.com recipients=beto.v25@gmail.com mailsize=68 smtpstatus=250 smtpmsg='250 OK id=1fxaoh-001fTY-4n' exitcode=EX_OK
sep 05 11:48:38 host=gator3197.hostgator.com tls=on auth=on user=a.vazquez@supmoldie.com from=a.vazquez@supmoldie.com recipients=beto.v25@gmail.com mailsize=9861 smtpstatus=250 smtpmsg='250 OK id=1fxayr-001kKK-Qu' exitcode=EX_OK
sep 05 11:50:38 host=gator3197.hostgator.com tls=on auth=on user=a.vazquez@supmoldie.com from=a.vazquez@supmoldie.com recipients=beto.v25@gmail.com mailsize=9861 smtpstatus=250 smtpmsg='250 OK id=1fxb0n-001lPR-Rb' exitcode=EX_OK
sep 05 11:57:09 host=gator3197.hostgator.com tls=on auth=on user=a.vazquez@supmoldie.com from=a.vazquez@supmoldie.com recipients=aj.vazquez@zoho.com mailsize=9861 smtpstatus=250 smtpmsg='250 OK id=1fxb77-001oSt-8F' exitcode=EX_OK
sep 05 12:00:19 host=gator3197.hostgator.com tls=on auth=on user=a.vazquez@supmoldie.com from=a.vazquez@supmoldie.com recipients=aj.vazquez@zoho.com mailsize=68 smtpstatus=250 smtpmsg='250 OK id=1fxbAB-001q42-0b' exitcode=EX_OK
sep 05 12:08:55 host=gator3197.hostgator.com tls=on auth=on user=a.vazquez@supmoldie.com from=a.vazquez@supmoldie.com recipients=aj.vazquez@zoho.com mailsize=68 smtpstatus=250 smtpmsg='250 OK id=1fxbIV-001v92-64' exitcode=EX_OK
sep 05 12:13:48 host=gator3197.hostgator.com tls=on auth=on user=a.vazquez@supmoldie.com from=a.vazquez@supmoldie.com recipients=aj.vazquez@zoho.com mailsize=9939 smtpstatus=250 smtpmsg='250 OK id=1fxbNE-001xWF-C0' exitcode=EX_OK
sep 05 12:18:44 host=gator3197.hostgator.com tls=on auth=on user=a.vazquez@supmoldie.com from=a.vazquez@supmoldie.com recipients=aj.vazquez@zoho.com mailsize=10130 smtpstatus=250 smtpmsg='250 OK id=1fxbS0-001zeI-0r' exitcode=EX_OK
sep 05 18:02:05 host=smtp.zoho.com tls=on auth=on user=aj.vazquez@zoho.com from=aj.vazquez@zoho.com recipients=beto.v25@gmail.com mailsize=1708 smtpstatus=250 smtpmsg='250 Message received' exitcode=EX_OK
sep 05 18:03:25 host=smtp.zoho.com tls=on auth=on user=aj.vazquez@zoho.com from=aj.vazquez@zoho.com recipients=beto.v25@gmail.com mailsize=1712 smtpstatus=250 smtpmsg='250 Message received' exitcode=EX_OK
sep 05 18:48:51 host=gator3197.hostgator.com tls=on auth=on user=a.vazquez@supmoldie.com from=a.vazquez@supmoldie.com recipients=aj.vazquez@zoho.com mailsize=34170 smtpstatus=250 smtpmsg='250 OK id=1fxhXW-000b8Z-Fn' exitcode=EX_OK
sep 05 18:51:22 host=gator3197.hostgator.com tls=on auth=on user=a.vazquez@supmoldie.com from=a.vazquez@supmoldie.com recipients=aj.vazquez@zoho.com mailsize=309521 smtpstatus=250 smtpmsg='250 OK id=1fxhZw-000c3a-3d' exitcode=EX_OK
sep 05 18:58:52 host=gator3197.hostgator.com tls=on auth=on user=a.vazquez@supmoldie.com from=a.vazquez@supmoldie.com recipients=estherccg@gmail.com mailsize=33841 smtpstatus=250 smtpmsg='250 OK id=1fxhhD-000euP-Bs' exitcode=EX_OK
sep 06 08:20:17 host=smtp.gmail.com tls=on auth=on user=beto.v25@gmail.com from=beto.v25@gmail.com recipients=estherccg@gmail.com mailsize=707 smtpstatus=250 smtpmsg='250 2.0.0 OK 1536240017 t67-v6sm908719vkt.7 - gsmtp' exitcode=EX_OK
sep 06 08:42:33 host=gator3197.hostgator.com tls=on auth=on user=a.vazquez@supmoldie.com from=a.vazquez@supmoldie.com recipients=estherccg@gmail.com mailsize=37153 smtpstatus=250 smtpmsg='250 OK id=1fxuYK-002CIM-Dy' exitcode=EX_OK
sep 06 08:45:20 host=smtp.zoho.com tls=on auth=on user=aj.vazquez@zoho.com from=aj.vazquez@zoho.com recipients=estherccg@gmail.com mailsize=3705 smtpstatus=250 smtpmsg='250 Message received' exitcode=EX_OK
sep 06 08:48:24 host=gator3197.hostgator.com tls=on auth=on user=a.vazquez@supmoldie.com from=a.vazquez@supmoldie.com recipients=etitacedeno@hotmail.com mailsize=36999 smtpstatus=250 smtpmsg='250 OK id=1fxudw-002FQq-OQ' exitcode=EX_OK
sep 06 08:51:25 host=gator3197.hostgator.com tls=on auth=on user=a.vazquez@supmoldie.com from=a.vazquez@supmoldie.com recipients=cemeca@corplas.com mailsize=37026 smtpstatus=250 smtpmsg='250 OK id=1fxugv-002HK0-55' exitcode=EX_OK
sep 06 09:44:34 host=smtp.gmail.com tls=on auth=on user=beto.v25@gmail.com from=beto.v25@gmail.com recipients=aj.vazquez@zoho.com mailsize=424 smtpstatus=250 smtpmsg='250 2.0.0 OK 1536245074 e63-v6sm1246783vka.22 - gsmtp' exitcode=EX_OK
sep 06 10:00:34 host=smtp.gmail.com tls=on auth=on user=beto.v25@gmail.com from=beto.v25@gmail.com recipients=aj.vazquez@zoho.com mailsize=439 smtpstatus=250 smtpmsg='250 2.0.0 OK 1536246034 b37-v6sm1738681uaa.41 - gsmtp' exitcode=EX_OK
sep 06 10:40:02 host=smtp.gmail.com tls=on auth=on user=beto.v25@gmail.com from=beto.v25@gmail.com recipients=aj.vazquez@zoho.com mailsize=488 smtpstatus=250 smtpmsg='250 2.0.0 OK 1536248402 z7-v6sm577730uam.11 - gsmtp' exitcode=EX_OK
sep 06 11:43:52 host=smtp.gmail.com tls=on auth=on user=beto.v25@gmail.com from=beto.v25@gmail.com recipients=estherccg@gmail.com mailsize=834 smtpstatus=250 smtpmsg='250 2.0.0 OK 1536252232 36-v6sm1755707uas.43 - gsmtp' exitcode=EX_OK
sep 06 12:00:11 host=gator3197.hostgator.com tls=on auth=on user=a.vazquez@supmoldie.com from=a.vazquez@supmoldie.com recipients=cemeca@corplas.com mailsize=34941 smtpstatus=250 smtpmsg='250 OK id=1fxxdY-003xAM-S3' exitcode=EX_OK
sep 07 09:40:12 host=gator3197.hostgator.com tls=on auth=on user=a.vazquez@supmoldie.com from=a.vazquez@supmoldie.com recipients=j.valecillos@supmoldie.com mailsize=34349 smtpstatus=250 smtpmsg='250 OK id=1fyHvg-000UZw-1j' exitcode=EX_OK
sep 07 09:40:39 host=gator3197.hostgator.com tls=on auth=on user=a.vazquez@supmoldie.com from=a.vazquez@supmoldie.com recipients=info@supmoldie.com mailsize=33843 smtpstatus=250 smtpmsg='250 OK id=1fyHw6-000UoF-F3' exitcode=EX_OK
sep 07 10:20:02 host=gator3197.hostgator.com tls=on auth=on user=a.vazquez@supmoldie.com from=a.vazquez@supmoldie.com recipients=esteban@plasticospersal.com mailsize=37883 smtpstatus=250 smtpmsg='250 OK id=1fyIYE-000rdf-18' exitcode=EX_OK
sep 07 10:25:42 host=gator3197.hostgator.com tls=on auth=on user=a.vazquez@supmoldie.com from=a.vazquez@supmoldie.com recipients=carlos.perez@progen.com.co mailsize=37889 smtpstatus=250 smtpmsg='250 OK id=1fyIdh-000uw3-GG' exitcode=EX_OK
sep 07 10:31:05 host=gator3197.hostgator.com tls=on auth=on user=a.vazquez@supmoldie.com from=a.vazquez@supmoldie.com recipients=camanen2003@gmail.com,camilo_enciso80@hotmail.com mailsize=39083 smtpstatus=250 smtpmsg='250 OK id=1fyIiu-000xT9-6A' exitcode=EX_OK
sep 07 10:35:43 host=gator3197.hostgator.com tls=on auth=on user=a.vazquez@supmoldie.com from=a.vazquez@supmoldie.com recipients=ingeniero.proyectos@proplas.com.co mailsize=37931 smtpstatus=250 smtpmsg='250 OK id=1fyInP-000zba-0z' exitcode=EX_OK
sep 07 10:43:48 host=gator3197.hostgator.com tls=on auth=on user=a.vazquez@supmoldie.com from=a.vazquez@supmoldie.com recipients=alberto.castano@progen.com.co,sergios.bustos@progen.com.co mailsize=37934 smtpstatus=250 smtpmsg='250 OK id=1fyIvD-0013VR-Jq' exitcode=EX_OK
sep 07 10:47:22 host=gator3197.hostgator.com tls=on auth=on user=a.vazquez@supmoldie.com from=a.vazquez@supmoldie.com recipients=jefe.diseno@factoriasasociadas.com.co mailsize=37930 smtpstatus=250 smtpmsg='250 OK id=1fyIyf-00158Q-AT' exitcode=EX_OK
sep 07 10:49:40 host=gator3197.hostgator.com tls=on auth=on user=a.vazquez@supmoldie.com from=a.vazquez@supmoldie.com recipients=jefe.diseno@factoriasasociadas.com.co mailsize=37937 smtpstatus=250 smtpmsg='250 OK id=1fyJ0t-0016AA-4z' exitcode=EX_OK
sep 07 10:50:53 host=gator3197.hostgator.com tls=on auth=on user=a.vazquez@supmoldie.com from=a.vazquez@supmoldie.com recipients=diseno@corplas.com,hernancajamarca@gmail.com mailsize=37993 smtpstatus=250 smtpmsg='250 OK id=1fyJ24-0016j1-Ib' exitcode=EX_OK
sep 07 10:53:17 host=gator3197.hostgator.com tls=on auth=on user=a.vazquez@supmoldie.com from=a.vazquez@supmoldie.com recipients=gerencia@plasticosommo.com mailsize=37920 smtpstatus=250 smtpmsg='250 OK id=1fyJ4O-0017in-Bw' exitcode=EX_OK
sep 07 10:55:40 host=gator3197.hostgator.com tls=on auth=on user=a.vazquez@supmoldie.com from=a.vazquez@supmoldie.com recipients=sergio.bustos@progen.com.co mailsize=37895 smtpstatus=250 smtpmsg='250 OK id=1fyJ6h-00190O-Ta' exitcode=EX_OK
sep 07 10:57:07 host=gator3197.hostgator.com tls=on auth=on user=a.vazquez@supmoldie.com from=a.vazquez@supmoldie.com recipients=hossa@estra.com.co mailsize=37901 smtpstatus=250 smtpmsg='250 OK id=1fyJ87-0019ao-0f' exitcode=EX_OK
sep 07 10:58:33 host=gator3197.hostgator.com tls=on auth=on user=a.vazquez@supmoldie.com from=a.vazquez@supmoldie.com recipients=cagarzon@granuplas.com.co mailsize=37919 smtpstatus=250 smtpmsg='250 OK id=1fyJ9U-001ACk-5Q' exitcode=EX_OK
sep 07 11:00:29 host=gator3197.hostgator.com tls=on auth=on user=a.vazquez@supmoldie.com from=a.vazquez@supmoldie.com recipients=compras.placa@somosgrupo-a.com mailsize=37919 smtpstatus=250 smtpmsg='250 OK id=1fyJBM-001BMV-GU' exitcode=EX_OK
sep 07 11:02:21 host=gator3197.hostgator.com tls=on auth=on user=a.vazquez@supmoldie.com from=a.vazquez@supmoldie.com recipients=andres.marquez@unionplastica.com mailsize=37928 smtpstatus=250 smtpmsg='250 OK id=1fyJDA-001CtX-8j' exitcode=EX_OK
sep 07 11:06:12 host=gator3197.hostgator.com tls=on auth=on user=a.vazquez@supmoldie.com from=a.vazquez@supmoldie.com recipients=diego.gomez@thermoform.com.co mailsize=37915 smtpstatus=250 smtpmsg='250 OK id=1fyJGt-001Ez4-FP' exitcode=EX_OK
sep 07 11:10:10 host=gator3197.hostgator.com tls=on auth=on user=a.vazquez@supmoldie.com from=a.vazquez@supmoldie.com recipients=jearboleda@preycor.com mailsize=38683 smtpstatus=250 smtpmsg='250 OK id=1fyJKj-001Gxy-Cw' exitcode=EX_OK
sep 07 11:12:11 host=gator3197.hostgator.com tls=on auth=on user=a.vazquez@supmoldie.com from=a.vazquez@supmoldie.com recipients=administracion@regin.com.co mailsize=38724 smtpstatus=250 smtpmsg='250 OK id=1fyJMg-001Hv6-LH' exitcode=EX_OK
sep 07 11:15:14 host=gator3197.hostgator.com tls=on auth=on user=a.vazquez@supmoldie.com from=a.vazquez@supmoldie.com recipients=compras@forjasbolivar.com mailsize=36701 smtpstatus=250 smtpmsg='250 OK id=1fyJPd-001JHM-6a' exitcode=EX_OK
sep 07 11:16:47 host=gator3197.hostgator.com tls=on auth=on user=a.vazquez@supmoldie.com from=a.vazquez@supmoldie.com recipients=juangonzalo.gavidia@somosgrupo-a.com mailsize=36975 smtpstatus=250 smtpmsg='250 OK id=1fyJR8-001K1Y-RH' exitcode=EX_OK
sep 07 11:17:53 host=gator3197.hostgator.com tls=on auth=on user=a.vazquez@supmoldie.com from=a.vazquez@supmoldie.com recipients=gonzalo.medina@umo.com.co mailsize=36962 smtpstatus=250 smtpmsg='250 OK id=1fyJSC-001KQe-Fq' exitcode=EX_OK
sep 07 11:22:56 host=gator3197.hostgator.com tls=on auth=on user=a.vazquez@supmoldie.com from=a.vazquez@supmoldie.com recipients=sandraliliana.guzman@somosgrupo-a.com mailsize=36983 smtpstatus=250 smtpmsg='250 OK id=1fyJX5-001MT8-LL' exitcode=EX_OK
sep 07 11:23:52 host=gator3197.hostgator.com tls=on auth=on user=a.vazquez@supmoldie.com from=a.vazquez@supmoldie.com recipients=miguel.acosta@somosgrupo-a.com mailsize=36961 smtpstatus=250 smtpmsg='250 OK id=1fyJXz-001NCr-MX' exitcode=EX_OK
sep 07 11:25:09 host=gator3197.hostgator.com tls=on auth=on user=a.vazquez@supmoldie.com from=a.vazquez@supmoldie.com recipients=compras@compac-sas.com mailsize=38843 smtpstatus=250 smtpmsg='250 OK id=1fyJZE-001Nxq-7F' exitcode=EX_OK
sep 08 10:51:11 host=smtp.zoho.com tls=on auth=on user=aj.vazquez@zoho.com from=aj.vazquez@zoho.com recipients=estherccg@gmail.com mailsize=18550 smtpstatus=250 smtpmsg='250 Message received' exitcode=EX_OK
sep 08 10:56:25 host=smtp.zoho.com tls=on auth=on user=aj.vazquez@zoho.com from=aj.vazquez@zoho.com recipients=estherccg@gmail.com mailsize=1709 smtpstatus=250 smtpmsg='250 Message received' exitcode=EX_OK
sep 10 07:22:35 host=smtp.zoho.com tls=on auth=on user=aj.vazquez@zoho.com from=aj.vazquez@zoho.com recipients=moni-madrid@hotmail.com mailsize=148620 smtpstatus=250 smtpmsg='250 Message received' exitcode=EX_OK
sep 10 07:39:33 host=gator3197.hostgator.com tls=on auth=on user=a.vazquez@supmoldie.com from=a.vazquez@supmoldie.com recipients=j.valecillos@supmoldie.com,javr65@hotmail.com mailsize=38996 smtpstatus=250 smtpmsg='250 OK id=1fzLTX-002CZM-4J' exitcode=EX_OK
oct 12 19:07:09 host=smtp.zoho.com tls=on auth=on user=aj.vazquez@zoho.com from=aj.vazquez@zoho.com recipients=estherccg@gmail.com smtpstatus=554 smtpmsg='554 5.1.8 Email Outgoing Blocked. <a href=https://www.zoho.com/mail/help/usage-policy.html target=_blank>Learn more.</a>' errormsg='the server did not accept the mail' exitcode=EX_UNAVAILABLE
oct 12 19:07:40 host=smtp.zoho.com tls=on auth=on user=aj.vazquez@zoho.com from=aj.vazquez@zoho.com recipients=estherccg@gmail.com smtpstatus=554 smtpmsg='554 5.1.8 Email Outgoing Blocked. <a href=https://www.zoho.com/mail/help/usage-policy.html target=_blank>Learn more.</a>' errormsg='the server did not accept the mail' exitcode=EX_UNAVAILABLE
oct 12 19:09:02 host=smtp.zoho.com tls=on auth=on user=aj.vazquez@zoho.com from=aj.vazquez@zoho.com recipients=estherccg@gmail.com smtpstatus=554 smtpmsg='554 5.1.8 Email Outgoing Blocked. <a href=https://www.zoho.com/mail/help/usage-policy.html target=_blank>Learn more.</a>' errormsg='the server did not accept the mail' exitcode=EX_UNAVAILABLE
oct 12 19:09:39 host=smtp.zoho.com tls=on auth=on user=aj.vazquez@zoho.com from=aj.vazquez@zoho.com recipients=beto.v25@gmail.com mailsize=1544 smtpstatus=250 smtpmsg='250 Message received' exitcode=EX_OK
oct 12 19:16:52 host=smtp.zoho.com tls=on auth=on user=aj.vazquez@zoho.com from=aj.vazquez@zoho.com recipients=estherccg@gmail.com smtpstatus=554 smtpmsg='554 5.1.8 Email Outgoing Blocked. <a href=https://www.zoho.com/mail/help/usage-policy.html target=_blank>Learn more.</a>' errormsg='the server did not accept the mail' exitcode=EX_UNAVAILABLE
oct 12 19:17:54 host=smtp.zoho.com tls=on auth=on user=aj.vazquez@zoho.com from=aj.vazquez@zoho.com recipients=estherccg@gmail.com smtpstatus=554 smtpmsg='554 5.1.8 Email Outgoing Blocked. <a href=https://www.zoho.com/mail/help/usage-policy.html target=_blank>Learn more.</a>' errormsg='the server did not accept the mail' exitcode=EX_UNAVAILABLE
oct 12 19:18:21 host=smtp.zoho.com tls=on auth=on user=aj.vazquez@zoho.com from=aj.vazquez@zoho.com recipients=estherccg@gmail.com smtpstatus=554 smtpmsg='554 5.1.8 Email Outgoing Blocked. <a href=https://www.zoho.com/mail/help/usage-policy.html target=_blank>Learn more.</a>' errormsg='the server did not accept the mail' exitcode=EX_UNAVAILABLE
oct 12 19:19:33 host=smtp.zoho.com tls=on auth=on user=aj.vazquez@zoho.com from=aj.vazquez@zoho.com recipients=estherccg@gmail.com smtpstatus=554 smtpmsg='554 5.1.8 Email Outgoing Blocked. <a href=https://www.zoho.com/mail/help/usage-policy.html target=_blank>Learn more.</a>' errormsg='the server did not accept the mail' exitcode=EX_UNAVAILABLE
oct 12 19:20:08 host=smtp.zoho.com tls=on auth=on user=aj.vazquez@zoho.com from=aj.vazquez@zoho.com recipients=estherccg@gmail.com smtpstatus=554 smtpmsg='554 5.1.8 Email Outgoing Blocked. <a href=https://www.zoho.com/mail/help/usage-policy.html target=_blank>Learn more.</a>' errormsg='the server did not accept the mail' exitcode=EX_UNAVAILABLE
oct 12 19:26:22 host=smtp.gmail.com tls=on auth=on user=beto.v25@gmail.com from=beto.v25@gmail.com recipients=estherccg@gmail.com mailsize=13798 smtpstatus=250 smtpmsg='250 2.0.0 OK 1539390381 f17sm489027uap.12 - gsmtp' exitcode=EX_OK
oct 12 19:28:09 host=smtp.zoho.com tls=on auth=on user=aj.vazquez@zoho.com from=aj.vazquez@zoho.com recipients=estherccg@gmail.com smtpstatus=554 smtpmsg='554 5.1.8 Email Outgoing Blocked. <a href=https://www.zoho.com/mail/help/usage-policy.html target=_blank>Learn more.</a>' errormsg='the server did not accept the mail' exitcode=EX_UNAVAILABLE
oct 12 19:36:05 host=smtp.zoho.com tls=on auth=on user=aj.vazquez@zoho.com from=aj.vazquez@zoho.com recipients=a.vazquez@supmoldie.com mailsize=1535 smtpstatus=250 smtpmsg='250 Message received' exitcode=EX_OK
oct 12 19:36:20 host=smtp.zoho.com tls=on auth=on user=aj.vazquez@zoho.com from=aj.vazquez@zoho.com recipients=estherccg@gmail.com smtpstatus=554 smtpmsg='554 5.1.8 Email Outgoing Blocked. <a href=https://www.zoho.com/mail/help/usage-policy.html target=_blank>Learn more.</a>' errormsg='the server did not accept the mail' exitcode=EX_UNAVAILABLE
oct 12 19:45:34 host=smtp.zoho.com tls=on auth=on user=aj.vazquez@zoho.com from=aj.vazquez@zoho.com recipients=estherccg@gmail.com smtpstatus=554 smtpmsg='554 5.1.8 Email Outgoing Blocked. <a href=https://www.zoho.com/mail/help/usage-policy.html target=_blank>Learn more.</a>' errormsg='the server did not accept the mail' exitcode=EX_UNAVAILABLE
oct 12 19:47:30 host=smtp.zoho.com tls=on auth=on user=aj.vazquez@zoho.com from=aj.vazquez@zoho.com recipients=titacedenosocialmedia@gmail.com smtpstatus=554 smtpmsg='554 5.1.8 Email Outgoing Blocked. <a href=https://www.zoho.com/mail/help/usage-policy.html target=_blank>Learn more.</a>' errormsg='the server did not accept the mail' exitcode=EX_UNAVAILABLE
oct 12 19:48:39 host=smtp.zoho.com tls=on auth=on user=aj.vazquez@zoho.com from=aj.vazquez@zoho.com recipients=beto.v25@gmail.com mailsize=1547 smtpstatus=250 smtpmsg='250 Message received' exitcode=EX_OK
oct 12 19:49:05 host=smtp.zoho.com tls=on auth=on user=aj.vazquez@zoho.com from=aj.vazquez@zoho.com recipients=info@titacedeno.com smtpstatus=554 smtpmsg='554 5.1.8 Email Outgoing Blocked. <a href=https://www.zoho.com/mail/help/usage-policy.html target=_blank>Learn more.</a>' errormsg='the server did not accept the mail' exitcode=EX_UNAVAILABLE
oct 12 19:49:43 host=smtp.zoho.com tls=on auth=on user=aj.vazquez@zoho.com from=aj.vazquez@zoho.com recipients=aj_v25@hotmail.com smtpstatus=554 smtpmsg='554 5.1.8 Email Outgoing Blocked. <a href=https://www.zoho.com/mail/help/usage-policy.html target=_blank>Learn more.</a>' errormsg='the server did not accept the mail' exitcode=EX_UNAVAILABLE
oct 12 19:50:10 host=smtp.zoho.com tls=on auth=on user=aj.vazquez@zoho.com from=aj.vazquez@zoho.com recipients=aj_v25@hotmail.com smtpstatus=554 smtpmsg='554 5.1.8 Email Outgoing Blocked. <a href=https://www.zoho.com/mail/help/usage-policy.html target=_blank>Learn more.</a>' errormsg='the server did not accept the mail' exitcode=EX_UNAVAILABLE
oct 12 19:50:17 host=smtp.zoho.com tls=on auth=on user=aj.vazquez@zoho.com from=aj.vazquez@zoho.com recipients=aj_v25@hotmail.com smtpstatus=554 smtpmsg='554 5.1.8 Email Outgoing Blocked. <a href=https://www.zoho.com/mail/help/usage-policy.html target=_blank>Learn more.</a>' errormsg='the server did not accept the mail' exitcode=EX_UNAVAILABLE
oct 12 19:51:15 host=smtp.gmail.com tls=on auth=on user=beto.v25@gmail.com from=beto.v25@gmail.com recipients=estherccg@gmail.com mailsize=2331 smtpstatus=250 smtpmsg='250 2.0.0 OK 1539391875 w75sm525061vsh.21 - gsmtp' exitcode=EX_OK
oct 13 11:32:04 host=gator3197.hostgator.com tls=on auth=on user=a.vazquez@supmoldie.com from=a.vazquez@supmoldie.com recipients=centrodeinformacion2@ccas.org.co mailsize=101091 smtpstatus=250 smtpmsg='250 OK id=1gBMpf-000WQW-JZ' exitcode=EX_OK
oct 13 11:52:17 host=smtp.gmail.com tls=on auth=on user=beto.v25@gmail.com from=beto.v25@gmail.com recipients=estherccg@gmail.com mailsize=2536 smtpstatus=250 smtpmsg='250 2.0.0 OK 1539449537 a35sm639317uaa.1 - gsmtp' exitcode=EX_OK
oct 13 12:00:22 host=gator3197.hostgator.com tls=on auth=on user=a.vazquez@supmoldie.com from=a.vazquez@supmoldie.com recipients=evanhackett94@gmail.com,hackett5@uwm.edu mailsize=34033 smtpstatus=250 smtpmsg='250 OK id=1gBNH4-000hpW-1m' exitcode=EX_OK
oct 13 12:03:52 host=gator3197.hostgator.com tls=on auth=on user=a.vazquez@supmoldie.com from=a.vazquez@supmoldie.com recipients=student@supdie.com mailsize=34283 smtpstatus=250 smtpmsg='250 OK id=1gBNKR-000jf9-5B' exitcode=EX_OK
oct 13 12:13:23 host=gator3197.hostgator.com tls=on auth=on user=a.vazquez@supmoldie.com from=a.vazquez@supmoldie.com recipients=mfernandez@superiordieset.com mailsize=34214 smtpstatus=250 smtpmsg='250 OK id=1gBNTe-000nK2-OF' exitcode=EX_OK
oct 13 12:14:48 host=gator3197.hostgator.com tls=on auth=on user=a.vazquez@supmoldie.com from=a.vazquez@supmoldie.com recipients=schapman@superiordieset.com mailsize=34096 smtpstatus=250 smtpmsg='250 OK id=1gBNV1-000nm9-Ih' exitcode=EX_OK
oct 13 12:16:08 host=gator3197.hostgator.com tls=on auth=on user=a.vazquez@supmoldie.com from=a.vazquez@supmoldie.com recipients=vwestendorp@superiordieset.com mailsize=34130 smtpstatus=250 smtpmsg='250 OK id=1gBNWJ-000oQp-Fe' exitcode=EX_OK
oct 13 12:20:45 host=gator3197.hostgator.com tls=on auth=on user=a.vazquez@supmoldie.com from=a.vazquez@supmoldie.com recipients=olamelykh@yahoo.com mailsize=34499 smtpstatus=250 smtpmsg='250 OK id=1gBNam-000qKu-F4' exitcode=EX_OK
oct 13 12:29:52 host=gator3197.hostgator.com tls=on auth=on user=a.vazquez@supmoldie.com from=a.vazquez@supmoldie.com recipients=cmaull@maulltds.com mailsize=34605 smtpstatus=250 smtpmsg='250 OK id=1gBNjb-000teQ-DX' exitcode=EX_OK
oct 13 12:45:07 host=gator3197.hostgator.com tls=on auth=on user=a.vazquez@supmoldie.com from=a.vazquez@supmoldie.com recipients=e.keeler@gklogisticsexpress.com mailsize=97938 smtpstatus=250 smtpmsg='250 OK id=1gBNyM-000zbx-9w' exitcode=EX_OK
oct 13 12:56:56 host=gator3197.hostgator.com tls=on auth=on user=a.vazquez@supmoldie.com from=a.vazquez@supmoldie.com recipients=vpsales@superiordieset.com mailsize=34947 smtpstatus=250 smtpmsg='250 OK id=1gBO9o-0013y9-0O' exitcode=EX_OK
oct 15 09:29:50 host=smtp.gmail.com tls=on auth=on user=beto.v25@gmail.com from=beto.v25@gmail.com recipients=support@zohomail.com errormsg='cannot locate host smtp.gmail.com: Temporary failure in name resolution' exitcode=EX_NOHOST
oct 15 09:30:01 host=smtp.gmail.com tls=on auth=on user=beto.v25@gmail.com from=beto.v25@gmail.com recipients=support@zohomail.com mailsize=1714 smtpstatus=250 smtpmsg='250 2.0.0 OK 1539613801 j2sm1925508vsn.19 - gsmtp' exitcode=EX_OK
oct 16 09:42:02 host=gator3197.hostgator.com tls=on auth=on user=a.vazquez@supmoldie.com from=a.vazquez@supmoldie.com recipients=tpalla@tipcoinc.com mailsize=35211 smtpstatus=250 smtpmsg='250 OK id=1gCQXp-002n9d-DO' exitcode=EX_OK
oct 16 10:20:47 host=gator3197.hostgator.com tls=on auth=on user=a.vazquez@supmoldie.com from=a.vazquez@supmoldie.com recipients=tpalla@tipcoinc.com mailsize=40276 smtpstatus=250 smtpmsg='250 OK id=1gCR9K-0038hL-85' exitcode=EX_OK
oct 16 10:25:40 host=gator3197.hostgator.com tls=on auth=on user=a.vazquez@supmoldie.com from=a.vazquez@supmoldie.com recipients=vwestendorp@supdie.com mailsize=36900 smtpstatus=250 smtpmsg='250 OK id=1gCRE3-003BIg-61' exitcode=EX_OK
oct 16 10:28:49 host=gator3197.hostgator.com tls=on auth=on user=a.vazquez@supmoldie.com from=a.vazquez@supmoldie.com recipients=claudia.sanchez@certicamara.com mailsize=43772 smtpstatus=250 smtpmsg='250 OK id=1gCRH6-003Ckk-91' exitcode=EX_OK
oct 16 12:04:12 host=smtp.gmail.com tls=on auth=on user=beto.v25@gmail.com from=beto.v25@gmail.com recipients=estherccg@gmail.com mailsize=96721 smtpstatus=250 smtpmsg='250 2.0.0 OK 1539709452 17sm2252429uas.5 - gsmtp' exitcode=EX_OK
oct 16 12:56:53 host=smtp.zoho.com tls=on auth=on user=aj.vazquez@zoho.com from=aj.vazquez@zoho.com recipients=estherccg@gmail.com mailsize=1559 smtpstatus=250 smtpmsg='250 Message received' exitcode=EX_OK
oct 16 12:57:34 host=smtp.gmail.com tls=on auth=on user=beto.v25@gmail.com from=beto.v25@gmail.com recipients=support@zohomail.com mailsize=4230 smtpstatus=250 smtpmsg='250 2.0.0 OK 1539712654 v127-v6sm474797vke.46 - gsmtp' exitcode=EX_OK
oct 19 16:05:35 host=smtp.gmail.com tls=on auth=on user=beto.v25@gmail.com from=beto.v25@gmail.com recipients=a.vazquez@supmoldie.com mailsize=1523 smtpstatus=250 smtpmsg='250 2.0.0 OK 1539983135 e67-v6sm5321221vsc.9 - gsmtp' exitcode=EX_OK
oct 19 19:42:05 host=smtp.zoho.com tls=on auth=on user=aj.vazquez@zoho.com from=aj.vazquez@zoho.com recipients=andres.smith2133@gmail.com mailsize=62474 smtpstatus=250 smtpmsg='250 Message received' exitcode=EX_OK
oct 20 09:39:51 host=smtp.zoho.com tls=on auth=on user=aj.vazquez@zoho.com from=beto.v25@gmail.com recipients=andres.smith2133@gmail.com smtpstatus=553 smtpmsg='553 Relaying disallowed as Alberto =?utf-8?B?Si4gVsOhenF1ZXo=?= <beto.v25@gmail.com>' errormsg='the server did not accept the mail' exitcode=EX_UNAVAILABLE
oct 20 09:44:23 host=smtp.gmail.com tls=on auth=on user=beto.v25@gmail.com from=beto.v25@gmail.com recipients=andres.smith2133@gmail.com mailsize=2544995 smtpstatus=250 smtpmsg='250 2.0.0 OK 1540046663 h207-v6sm5768194vke.50 - gsmtp' exitcode=EX_OK
oct 20 12:53:02 host=smtp.zoho.com tls=on auth=on user=aj.vazquez@zoho.com from=aj.vazquez@zoho.com recipients=titacedenosocialmedia@gmail.com mailsize=620856 smtpstatus=250 smtpmsg='250 Message received' exitcode=EX_OK
oct 20 12:55:59 host=smtp.zoho.com tls=on auth=on user=aj.vazquez@zoho.com from=aj.vazquez@zoho.com recipients=titacedenosocialmedia@gmail.com mailsize=621027 smtpstatus=250 smtpmsg='250 Message received' exitcode=EX_OK
oct 20 17:58:52 host=smtp.zoho.com tls=on auth=on user=aj.vazquez@zoho.com from=aj.vazquez@zoho.com recipients=andres.smith2133@gmail.com mailsize=60645 smtpstatus=250 smtpmsg='250 Message received' exitcode=EX_OK
oct 22 09:09:00 host=gator3197.hostgator.com tls=on auth=on user=a.vazquez@supmoldie.com from=a.vazquez@supmoldie.com recipients=compras@rolformados.co mailsize=25522 smtpstatus=250 smtpmsg='250 OK id=1gEatA-002k52-8X' exitcode=EX_OK
oct 22 09:10:21 host=gator3197.hostgator.com tls=on auth=on user=a.vazquez@supmoldie.com from=a.vazquez@supmoldie.com recipients=j.valecillos@supmoldie.com mailsize=26432 smtpstatus=250 smtpmsg='250 OK id=1gEauT-002kzN-Bh' exitcode=EX_OK
oct 22 09:19:13 host=gator3197.hostgator.com tls=on auth=on user=a.vazquez@supmoldie.com from=a.vazquez@supmoldie.com recipients=vpsales@supdie.com,vpsales@superiormoldie.com mailsize=23600 smtpstatus=250 smtpmsg='250 OK id=1gEb32-002qNz-Gx' exitcode=EX_OK
oct 22 09:36:29 host=gator3197.hostgator.com tls=on auth=on user=a.vazquez@supmoldie.com from=a.vazquez@supmoldie.com recipients=compras@forjasbolivar.com mailsize=26208 smtpstatus=250 smtpmsg='250 OK id=1gEbJT-002ywh-2j' exitcode=EX_OK
oct 22 09:52:47 host=gator3197.hostgator.com tls=on auth=on user=a.vazquez@supmoldie.com from=a.vazquez@supmoldie.com recipients=vpsales@superiordieset.com mailsize=23611 smtpstatus=250 smtpmsg='250 OK id=1gEbZW-0035Um-LY' exitcode=EX_OK
oct 22 18:22:59 host=smtp.gmail.com tls=on auth=on user=beto.v25@gmail.com from=beto.v25@gmail.com recipients=estherccg@gmail.com mailsize=1531 smtpstatus=250 smtpmsg='250 2.0.0 OK 1540250579 p9sm5661897vkd.28 - gsmtp' exitcode=EX_OK
oct 23 08:25:31 host=gator3197.hostgator.com tls=on auth=on user=a.vazquez@supmoldie.com from=a.vazquez@supmoldie.com recipients=claudia.sanchez@certicamara.com mailsize=25164 smtpstatus=250 smtpmsg='250 OK id=1gEwgc-003cQy-VD' exitcode=EX_OK
oct 23 15:40:22 host=gator3197.hostgator.com tls=on auth=on user=a.vazquez@supmoldie.com from=a.vazquez@supmoldie.com recipients=j.valecillos@supmoldie.com mailsize=23219 smtpstatus=250 smtpmsg='250 OK id=1gF3TR-002SWN-1u' exitcode=EX_OK
oct 26 17:30:57 host=gator3197.hostgator.com tls=on auth=on user=a.vazquez@supmoldie.com from=a.vazquez@supmoldie.com recipients=j.valecillos@supmoldie.com mailsize=80041 smtpstatus=250 smtpmsg='250 OK id=1gGAd6-002eT5-NO' exitcode=EX_OK
oct 31 14:21:52 host=gator3197.hostgator.com tls=on auth=on user=a.vazquez@supmoldie.com from=a.vazquez@supmoldie.com recipients=operations-sr1@mercocargo.com mailsize=23631 smtpstatus=250 smtpmsg='250 OK id=1gHw3r-001c6l-Kv' exitcode=EX_OK
oct 31 16:36:50 host=gator3197.hostgator.com tls=on auth=on user=a.vazquez@supmoldie.com from=a.vazquez@supmoldie.com recipients=j.valecillos@supmoldie.com mailsize=26117 smtpstatus=250 smtpmsg='250 OK id=1gHyAU-002ZOH-5r' exitcode=EX_OK
oct 31 16:42:45 host=gator3197.hostgator.com tls=on auth=on user=a.vazquez@supmoldie.com from=a.vazquez@supmoldie.com recipients=j.valecillos@supmoldie.com mailsize=26215 smtpstatus=250 smtpmsg='250 OK id=1gHyGD-002bsz-Dl' exitcode=EX_OK
oct 31 16:46:52 host=gator3197.hostgator.com tls=on auth=on user=a.vazquez@supmoldie.com from=a.vazquez@supmoldie.com recipients=javr65@hotmail.com mailsize=26207 smtpstatus=250 smtpmsg='250 OK id=1gHyKA-002dea-QZ' exitcode=EX_OK
nov 01 05:41:05 host=gator3197.hostgator.com tls=on auth=on user=a.vazquez@supmoldie.com from=a.vazquez@supmoldie.com recipients=beto.v25@gmail.com mailsize=26151 smtpstatus=250 smtpmsg='250 OK id=1gIAPM-002r2P-To' exitcode=EX_OK
nov 01 05:56:08 host=gator3197.hostgator.com tls=on auth=on user=a.vazquez@supmoldie.com from=a.vazquez@supmoldie.com recipients=beto.v25@gmail.com mailsize=40028 smtpstatus=250 smtpmsg='250 OK id=1gIAdz-002xIX-40' exitcode=EX_OK
nov 01 07:18:41 host=smtp.gmail.com tls=on auth=on user=beto.v25@gmail.com from=beto.v25@gmail.com recipients=estherccg@gmail.com mailsize=4485 smtpstatus=250 smtpmsg='250 2.0.0 OK 1541074721 r26sm7101242uan.0 - gsmtp' exitcode=EX_OK
nov 01 15:13:06 host=gator3197.hostgator.com tls=on auth=on user=a.vazquez@supmoldie.com from=a.vazquez@supmoldie.com recipients=javr65@hotmail.com,j.valecillos@supmoldie.com mailsize=40131 smtpstatus=250 smtpmsg='250 OK id=1gIJKz-002xvk-7V' exitcode=EX_OK
nov 07 15:50:35 host=smtp.zoho.com tls=on auth=on user=aj.vazquez@zoho.com from=aj.vazquez@zoho.com recipients=estherccg@gmail.com mailsize=451940 smtpstatus=250 smtpmsg='250 Message received' exitcode=EX_OK
nov 07 19:20:58 host=gator3197.hostgator.com tls=on auth=on user=a.vazquez@supmoldie.com from=a.vazquez@supmoldie.com recipients=p.bazal@fcpk.pl,t.sobierajski@fcpk.pl mailsize=915813 smtpstatus=250 smtpmsg='250 OK id=1gKY44-002viY-IO' exitcode=EX_OK
nov 07 19:24:06 host=gator3197.hostgator.com tls=on auth=on user=a.vazquez@supmoldie.com from=a.vazquez@supmoldie.com recipients=beto.v25@gmail.com mailsize=33195 smtpstatus=250 smtpmsg='250 OK id=1gKY7B-002x3G-LZ' exitcode=EX_OK
nov 08 16:25:57 host=smtp.gmail.com tls=on auth=on user=beto.v25@gmail.com from=beto.v25@gmail.com recipients=estherccg@gmail.com mailsize=307442 smtpstatus=250 smtpmsg='250 2.0.0 OK 1541712357 x8sm953330vsf.21 - gsmtp' exitcode=EX_OK
nov 09 14:04:01 host=gator3197.hostgator.com tls=on auth=on user=a.vazquez@supmoldie.com from=a.vazquez@supmoldie.com recipients=j.valecillos@supmoldie.com,javr65@hotmail.com mailsize=41038 smtpstatus=250 smtpmsg='250 OK id=1gLC4W-0036na-Ns' exitcode=EX_OK
nov 09 14:14:06 host=gator3197.hostgator.com tls=on auth=on user=a.vazquez@supmoldie.com from=a.vazquez@supmoldie.com recipients=j.valecillos@supmoldie.com,javr65@hotmail.com mailsize=34346 smtpstatus=250 smtpmsg='250 OK id=1gLCEH-003AaQ-DK' exitcode=EX_OK
nov 09 14:31:30 host=gator3197.hostgator.com tls=on auth=on user=a.vazquez@supmoldie.com from=a.vazquez@supmoldie.com recipients=t.sobierajski@fcpk.pl,tjs@fcpk.pl mailsize=34614 smtpstatus=250 smtpmsg='250 OK id=1gLCV8-003H57-2A' exitcode=EX_OK
nov 10 20:48:04 host=smtp.zoho.com tls=on auth=on user=aj.vazquez@zoho.com from=reservaciones@avior.com.ve recipients=mariae.valecillos@gmail.com smtpstatus=553 smtpmsg='553 Relaying disallowed as Avior Airlines <reservaciones@avior.com.ve>' errormsg='the server did not accept the mail' exitcode=EX_UNAVAILABLE
nov 10 20:50:01 host=smtp.zoho.com tls=on auth=on user=aj.vazquez@zoho.com from=aj.vazquez@zoho.com recipients=mariae.valecillos@gmail.com smtpstatus=553 smtpmsg='553 Relaying disallowed as Avior Airlines <reservaciones@avior.com.ve>' errormsg='the server did not accept the mail' exitcode=EX_UNAVAILABLE
nov 10 20:50:34 host=smtp.gmail.com tls=on auth=on user=beto.v25@gmail.com from=beto.v25@gmail.com recipients=mariae.valecillos@gmail.com mailsize=222623 smtpstatus=250 smtpmsg='250 2.0.0 OK 1541901033 g23sm1740604vkc.3 - gsmtp' exitcode=EX_OK
nov 10 20:51:56 host=smtp.gmail.com tls=on auth=on user=beto.v25@gmail.com from=beto.v25@gmail.com recipients=mariae.valecillos@gmail.com mailsize=7959 smtpstatus=250 smtpmsg='250 2.0.0 OK 1541901115 y78sm3217239vsc.6 - gsmtp' exitcode=EX_OK
nov 13 10:34:18 host=gator3197.hostgator.com tls=on auth=on user=a.vazquez@supmoldie.com from=a.vazquez@supmoldie.com recipients=analistaditromol@ditromol.com mailsize=2214845 smtpstatus=250 smtpmsg='250 OK id=1gMahZ-002ubc-Ul' exitcode=EX_OK
nov 13 19:55:13 host=gator3197.hostgator.com tls=on auth=on user=a.vazquez@supmoldie.com from=a.vazquez@supmoldie.com recipients=leon.arango@simex.com.co,j.valecillos@supmoldie.com,javr65@hotmail.com mailsize=129771 smtpstatus=250 smtpmsg='250 OK id=1gMjSZ-002Gtg-S5' exitcode=EX_OK
nov 15 14:34:09 host=gator3197.hostgator.com tls=on auth=on user=a.vazquez@supmoldie.com from=a.vazquez@supmoldie.com recipients=leon.arango@simex.com.co mailsize=129992 smtpstatus=250 smtpmsg='250 OK id=1gNNOy-003Vvq-EB' exitcode=EX_OK
nov 15 14:54:23 host=gator3197.hostgator.com tls=on auth=on user=a.vazquez@supmoldie.com from=a.vazquez@supmoldie.com recipients=jocampo@muma.co,compras@muma.co mailsize=43173 smtpstatus=250 smtpmsg='250 OK id=1gNNiZ-003j2f-1h' exitcode=EX_OK
nov 15 15:05:13 host=gator3197.hostgator.com tls=on auth=on user=a.vazquez@supmoldie.com from=a.vazquez@supmoldie.com recipients=secretaria@dispro.co,j.valecillos@supmoldie.com mailsize=44295 smtpstatus=250 smtpmsg='250 OK id=1gNNt2-003odv-U4' exitcode=EX_OK
nov 15 15:05:38 host=gator3197.hostgator.com tls=on auth=on user=a.vazquez@supmoldie.com from=a.vazquez@supmoldie.com recipients=j.valecillos@supmoldie.com mailsize=45293 smtpstatus=250 smtpmsg='250 OK id=1gNNtR-003opb-Qa' exitcode=EX_OK
nov 16 15:34:55 host=gator3197.hostgator.com tls=on auth=on user=a.vazquez@supmoldie.com from=a.vazquez@supmoldie.com recipients=tecnimoldcasas@yahoo.com.co mailsize=41787 smtpstatus=250 smtpmsg='250 OK id=1gNkpJ-001t9E-S0' exitcode=EX_OK
nov 16 16:29:22 host=gator3197.hostgator.com tls=on auth=on user=a.vazquez@supmoldie.com from=a.vazquez@supmoldie.com recipients=analistaditromol@ditromol.com mailsize=36471 smtpstatus=250 smtpmsg='250 OK id=1gNlg1-002HyT-65' exitcode=EX_OK
nov 19 09:21:18 host=gator3197.hostgator.com tls=on auth=on user=a.vazquez@supmoldie.com from=a.vazquez@supmoldie.com recipients=leon.arango@simex.com.co mailsize=115098 smtpstatus=250 smtpmsg='250 OK id=1gOkQP-002lan-4i' exitcode=EX_OK
nov 19 09:32:31 host=gator3197.hostgator.com tls=on auth=on user=a.vazquez@supmoldie.com from=a.vazquez@supmoldie.com recipients=javr65@hotmail.com mailsize=41281 smtpstatus=250 smtpmsg='250 OK id=1gOkbH-002rLE-7R' exitcode=EX_OK
nov 19 09:42:17 host=gator3197.hostgator.com tls=on auth=on user=a.vazquez@supmoldie.com from=a.vazquez@supmoldie.com recipients=litocreativos@gmail.com mailsize=33756 smtpstatus=250 smtpmsg='250 OK id=1gOkki-002w5z-S0' exitcode=EX_OK
nov 19 11:11:14 host=gator3197.hostgator.com tls=on auth=on user=a.vazquez@supmoldie.com from=a.vazquez@supmoldie.com recipients=analistaditromol@ditromol.com mailsize=39094 smtpstatus=250 smtpmsg='250 OK id=1gOm8n-003gOc-P4' exitcode=EX_OK
nov 19 11:13:21 host=gator3197.hostgator.com tls=on auth=on user=a.vazquez@supmoldie.com from=a.vazquez@supmoldie.com recipients=messages@supdie.com mailsize=33384 smtpstatus=250 smtpmsg='250 OK id=1gOmAq-003hHv-Aa' exitcode=EX_OK
nov 19 11:16:46 host=gator3197.hostgator.com tls=on auth=on user=a.vazquez@supmoldie.com from=a.vazquez@supmoldie.com recipients=messages@supdie.com mailsize=35376 smtpstatus=250 smtpmsg='250 OK id=1gOmE9-003ipa-F0' exitcode=EX_OK
nov 19 11:19:05 host=gator3197.hostgator.com tls=on auth=on user=a.vazquez@supmoldie.com from=a.vazquez@supmoldie.com recipients=messages@supmodie.com mailsize=37505 smtpstatus=250 smtpmsg='250 OK id=1gOmGO-003jpU-CM' exitcode=EX_OK
nov 19 11:28:49 host=gator3197.hostgator.com tls=on auth=on user=a.vazquez@supmoldie.com from=a.vazquez@supmoldie.com recipients=messages@supdie.com mailsize=37180 smtpstatus=250 smtpmsg='250 OK id=1gOmPo-003ofL-9R' exitcode=EX_OK
nov 19 12:58:45 host=smtp.gmail.com tls=on auth=on user=beto.v25@gmail.com from=beto.v25@gmail.com recipients=estherccg@gmail.com mailsize=350821 smtpstatus=250 smtpmsg='250 2.0.0 OK 1542650324 y195sm13622454vkd.0 - gsmtp' exitcode=EX_OK
nov 21 07:42:37 host=gator3197.hostgator.com tls=on auth=on user=a.vazquez@supmoldie.com from=a.vazquez@supmoldie.com recipients=j.valecillos@supmoldie.com mailsize=1690739 smtpstatus=250 smtpmsg='250 OK id=1gPRpi-003J4w-2n' exitcode=EX_OK
nov 22 13:06:43 host=smtp.gmail.com tls=on auth=on user=beto.v25@gmail.com from=beto.v25@gmail.com recipients=estherccg@gmail.com mailsize=1798366 smtpstatus=250 smtpmsg='250 2.0.0 OK 1542910003 n206sm15241408vkn.36 - gsmtp' exitcode=EX_OK
nov 26 09:18:29 host=gator3197.hostgator.com tls=on auth=on user=a.vazquez@supmoldie.com from=a.vazquez@supmoldie.com recipients=compras@riduco.com.co mailsize=39026 smtpstatus=250 smtpmsg='250 OK id=1gRHiW-000RoX-RF' exitcode=EX_OK
nov 26 15:04:44 host=gator3197.hostgator.com tls=on auth=on user=a.vazquez@supmoldie.com from=a.vazquez@supmoldie.com recipients=compras@riduco.com.co,j.valecillos@supmoldie.com mailsize=43832 smtpstatus=250 smtpmsg='250 OK id=1gRN7Y-000Ccn-4a' exitcode=EX_OK
nov 26 15:20:42 host=gator3197.hostgator.com tls=on auth=on user=a.vazquez@supmoldie.com from=a.vazquez@supmoldie.com recipients=Amparo.Gomez@dhl.com mailsize=40627 smtpstatus=250 smtpmsg='250 OK id=1gRNN3-000LXZ-Bs' exitcode=EX_OK
nov 26 21:04:53 host=smtp.gmail.com tls=on auth=on user=beto.v25@gmail.com from=beto.v25@gmail.com recipients=estherccg@gmail.com mailsize=105525 smtpstatus=250 smtpmsg='250 2.0.0 OK 1543284293 t10sm696185ual.13 - gsmtp' exitcode=EX_OK
nov 27 10:42:47 host=smtp.zoho.com tls=on auth=on user=aj.vazquez@zoho.com from=aj.vazquez@zoho.com recipients=gestionhumana@colcircuitos.com mailsize=160779 smtpstatus=250 smtpmsg='250 Message received' exitcode=EX_OK
nov 28 10:34:18 host=smtp.zoho.com tls=on auth=on user=aj.vazquez@zoho.com from=aj.vazquez@zoho.com recipients=hdv@e-volution.co mailsize=56372 smtpstatus=250 smtpmsg='250 Message received' exitcode=EX_OK
dic 05 11:52:04 host=smtp.gmail.com tls=on auth=on user=beto.v25@gmail.com from=beto.v25@gmail.com recipients=mfg_2802@hotmail.com,david1289@gmail.com mailsize=9424877 smtpstatus=250 smtpmsg='250 2.0.0 OK 1544028723 l22sm7152847vsa.25 - gsmtp' exitcode=EX_OK
dic 05 11:56:17 host=smtp.gmail.com tls=on auth=on user=beto.v25@gmail.com from=beto.v25@gmail.com recipients=estherccg@gmail.com mailsize=93228 smtpstatus=250 smtpmsg='250 2.0.0 OK 1544028976 j95sm7593199uad.6 - gsmtp' exitcode=EX_OK
